<?xml version="1.0" encoding="UTF-8"?>
<!-- Generated by org.testng.reporters.JUnitXMLReporter -->
<testsuite ignored="2" hostname="DESKTOP-2GB3AA6" failures="5" tests="19" name="Surefire test" time="0.265" errors="0" timestamp="2024-05-22T15:04:05 IST">
  <testcase classname="com.learn.testngparameterize.TestNGParameterizeDemo" name="test" time="0.009"/>
  <testcase classname="com.learn.dependency.TestNGDependencyDemo2" name="test1" time="0.002"/>
  <testcase classname="com.learn.listeners.TestNGListenterDemo" name="test1" time="0.004"/>
  <testcase classname="com.learn.listeners.TestNGListenterDemo" name="test2" time="0.026">
    <failure type="java.lang.AssertionError" message="expected [true] but found [false]">
      <![CDATA[java.lang.AssertionError: expected [true] but found [false]
at com.learn.listeners.TestNGListenterDemo.test2(TestNGListenterDemo.java:20)
at java.base/java.util.ArrayList.forEach(ArrayList.java:1511)
... Removed 39 stack frames]]>
    </failure>
  </testcase> <!-- test2 -->
  <testcase classname="com.learn.dependency.TestNGDependencyDemo" name="test3" time="0.002">
    <failure type="java.lang.AssertionError" message="expected [true] but found [false]">
      <![CDATA[java.lang.AssertionError: expected [true] but found [false]
at com.learn.dependency.TestNGDependencyDemo.test3(TestNGDependencyDemo.java:23)
at java.base/java.util.ArrayList.forEach(ArrayList.java:1511)
... Removed 36 stack frames]]>
    </failure>
  </testcase> <!-- test3 -->
  <testcase classname="com.learn.dependency.TestNGDependencyDemo2" name="test3" time="0.002">
    <failure type="java.lang.AssertionError" message="expected [true] but found [false]">
      <![CDATA[java.lang.AssertionError: expected [true] but found [false]
at com.learn.dependency.TestNGDependencyDemo2.test3(TestNGDependencyDemo2.java:23)
at java.base/java.util.ArrayList.forEach(ArrayList.java:1511)
... Removed 36 stack frames]]>
    </failure>
  </testcase> <!-- test3 -->
  <testcase classname="com.learn.dependency.TestNGDependencyDemo2" name="test2" time="0.0">
    <skipped/>
  </testcase> <!-- test2 -->
  <testcase classname="com.learn.listeners.TestNGListenterDemo" name="test3" time="0.001">
    <skipped/>
  </testcase> <!-- test3 -->
  <testcase classname="com.learn.listeners.TestNGListenterDemo2" name="test4" time="0.001"/>
  <testcase classname="com.learn.testpriority.TestNGListenterDemo2" name="test4" time="0.001"/>
  <testcase classname="com.learn.listeners.TestNGListenterDemo2" name="test5" time="0.011">
    <failure type="java.lang.AssertionError" message="expected [true] but found [false]">
      <![CDATA[java.lang.AssertionError: expected [true] but found [false]
at com.learn.listeners.TestNGListenterDemo2.test5(TestNGListenterDemo2.java:20)
at java.base/java.util.ArrayList.forEach(ArrayList.java:1511)
... Removed 39 stack frames]]>
    </failure>
  </testcase> <!-- test5 -->
  <testcase classname="com.learn.testpriority.TestNGListenterDemo2" name="test5" time="0.001"/>
  <testcase classname="com.learn.listeners.TestNGListenterDemo2" name="test6" time="0.002">
    <skipped/>
  </testcase> <!-- test6 -->
  <testcase classname="com.learn.testpriority.TestNGListenterDemo2" name="test6" time="0.003"/>
  <testcase classname="com.learn.testpriority.TestNGListenterDemo" name="test1" time="0.0"/>
  <testcase classname="com.learn.testpriority.TestNGListenterDemo" name="test2" time="0.001"/>
  <testcase classname="com.learn.testpriority.TestNGListenterDemo" name="test3" time="0.001"/>
  <testcase classname="com.learn.dependency.TestNGDependencyDemo" name="test1" time="0.001">
    <failure type="java.lang.AssertionError" message="expected [true] but found [false]">
      <![CDATA[java.lang.AssertionError: expected [true] but found [false]
at com.learn.dependency.TestNGDependencyDemo.test1(TestNGDependencyDemo.java:12)
at java.base/java.util.ArrayList.forEach(ArrayList.java:1511)
... Removed 36 stack frames]]>
    </failure>
  </testcase> <!-- test1 -->
  <testcase classname="com.learn.dependency.TestNGDependencyDemo" name="test2" time="0.0">
    <skipped/>
  </testcase> <!-- test2 -->
  <testcase classname="com.learn.ignoretests.TestNGIgnoreDemo" name="test1" time="0.0">
    <ignored/>
  </testcase> <!-- test1 -->
  <testcase classname="com.learn.ignoretests.TestNGIgnoreDemo" name="test2" time="0.0">
    <ignored/>
  </testcase> <!-- test2 -->
</testsuite> <!-- Surefire test -->
