<?xml version="1.0" encoding="UTF-8"?>
<testng-results ignored="0" total="1" passed="1" failed="0" skipped="0">
  <reporter-output>
  </reporter-output>
  <suite started-at="2024-05-22T06:35:16 IST" name="Default suite" finished-at="2024-05-22T06:35:31 IST" duration-ms="14123">
    <groups>
    </groups>
    <test started-at="2024-05-22T06:35:16 IST" name="Default test" finished-at="2024-05-22T06:35:31 IST" duration-ms="14123">
      <class name="com.learn.AutoIT.AutoITDemo">
        <test-method signature="test1()[pri:0, instance:com.learn.AutoIT.AutoITDemo@8f4ea7c]" started-at="2024-05-22T06:35:16 IST" name="test1" finished-at="2024-05-22T06:35:31 IST" duration-ms="14033" status="PASS">
          <reporter-output>
          </reporter-output>
        </test-method> <!-- test1 -->
      </class> <!-- com.learn.AutoIT.AutoITDemo -->
    </test> <!-- Default test -->
  </suite> <!-- Default suite -->
</testng-results>
